2025-12-04 20:32:03,252 - INFO - Loading DVSA lookup tables...
2025-12-04 20:32:03,263 - INFO - Loaded mapping for 2 RfR codes
2025-12-04 20:32:03,264 - INFO - Categories found: ['Brakes', 'Wheels']
2025-12-04 20:32:03,264 - INFO - Loading DVSA lookup tables...
2025-12-04 20:32:03,264 - ERROR - non_existent.csv not found.
2025-12-04 20:32:20,027 - INFO - --- STARTING PART 1: Processing Defects ---
2025-12-04 20:32:20,027 - INFO - Loading DVSA lookup tables...
2025-12-04 20:32:20,058 - INFO - Loaded mapping for 4432 RfR codes
2025-12-04 20:32:20,058 - INFO - Categories found: ['Body, Structure and General Items', 'Body, chassis, structure', 'Brake performance', 'Brakes', 'Buses and coaches supplementary tests', "Driver's View of the Road", 'Driving Controls and Speed Limiters', 'Exhaust, Fuel and Emissions', 'Identification of the vehicle', 'Items Not Tested', 'Lamps, reflectors and electrical equipment', 'Lights', 'Motor tricycles and quadricycles', 'Noise, emissions and leaks', 'Non-component advisories', 'Registration Plates and VIN', 'Seat Belts and Supplementary Restraint Systems', 'Seat belt installation check', 'Seat belts and supplementary restraint systems', 'Speedometer and speed limiter', 'Steering', 'Suspension', 'Towbars', 'Tyres', 'Visibility', 'Wheels']
2025-12-04 20:32:20,059 - INFO - Found 12 monthly failure files. Processing...
2025-12-04 20:32:20,059 - INFO - Reading test_item_202401.csv...
2025-12-04 20:32:35,820 - INFO - Reading test_item_202403.csv...
2025-12-04 20:32:50,979 - INFO - Reading test_item_202402.csv...
2025-12-04 20:33:05,178 - INFO - Reading test_item_202412.csv...
2025-12-04 20:33:15,325 - INFO - Reading test_item_202406.csv...
2025-12-04 20:33:28,439 - INFO - Reading test_item_202407.csv...
2025-12-04 20:33:42,138 - INFO - Reading test_item_202405.csv...
2025-12-04 20:33:53,829 - INFO - Reading test_item_202411.csv...
2025-12-04 20:34:08,543 - INFO - Reading test_item_202410.csv...
2025-12-04 20:34:25,190 - INFO - Reading test_item_202404.csv...
2025-12-04 20:34:37,574 - INFO - Reading test_item_202409.csv...
2025-12-04 20:34:52,146 - INFO - Reading test_item_202408.csv...
2025-12-04 20:35:05,797 - INFO - Mapping stats: 28,381,029 matched, 317,325 unmatched
2025-12-04 20:35:05,799 - INFO - Match rate: 98.9%
2025-12-04 20:35:05,799 - INFO - Consolidating data...
2025-12-04 20:36:07,322 - INFO - SUCCESS: Saved 9,773,202 test records to 'defects_summary.csv'
2025-12-04 20:36:07,324 - INFO - Columns: ['Body, chassis, structure', 'Brakes', 'Buses and coaches supplementary tests', 'Identification of the vehicle', 'Lamps, reflectors and electrical equipment', 'Noise, emissions and leaks', 'Seat belt installation check', 'Seat belts and supplementary restraint systems', 'Speedometer and speed limiter', 'Steering', 'Suspension', 'Tyres', 'Visibility', 'Wheels', 'Items Not Tested']
2025-12-04 21:05:54,915 - INFO - Loading DVSA lookup tables...
2025-12-04 21:05:54,927 - INFO - Loaded mapping for 2 RfR codes
2025-12-04 21:05:54,927 - INFO - Categories found: ['Brakes', 'Wheels']
2025-12-04 21:05:54,929 - INFO - Loading DVSA lookup tables...
2025-12-04 21:05:54,929 - ERROR - non_existent.csv not found.
2025-12-04 21:06:17,525 - INFO - HTTP Request: GET http://testserver/risk "HTTP/1.1 422 Unprocessable Entity"
2025-12-04 21:06:17,528 - INFO - HTTP Request: GET http://testserver/ "HTTP/1.1 200 OK"
2025-12-04 21:06:17,529 - INFO - Loading DVSA lookup tables...
2025-12-04 21:06:17,540 - INFO - Loaded mapping for 2 RfR codes
2025-12-04 21:06:17,540 - INFO - Categories found: ['Brakes', 'Wheels']
2025-12-04 21:06:17,540 - INFO - Loading DVSA lookup tables...
2025-12-04 21:06:17,541 - ERROR - non_existent.csv not found.
2025-12-04 21:21:38,417 - INFO - HTTP Request: GET http://testserver/api/makes "HTTP/1.1 200 OK"
2025-12-04 21:21:39,729 - INFO - HTTP Request: GET http://testserver/api/models?make=FORD "HTTP/1.1 200 OK"
2025-12-04 21:21:39,754 - INFO - HTTP Request: GET http://testserver/api/risk "HTTP/1.1 422 Unprocessable Entity"
2025-12-04 21:21:40,190 - INFO - HTTP Request: GET http://testserver/api/risk?make=FORD&model=FIESTA&year=2018&mileage=50000 "HTTP/1.1 200 OK"
2025-12-04 21:21:40,191 - INFO - HTTP Request: GET http://testserver/ "HTTP/1.1 200 OK"
2025-12-04 21:21:40,195 - INFO - Loading DVSA lookup tables...
2025-12-04 21:21:40,321 - INFO - Loaded mapping for 2 RfR codes
2025-12-04 21:21:40,321 - INFO - Categories found: ['Brakes', 'Wheels']
2025-12-04 21:21:40,322 - INFO - Loading DVSA lookup tables...
2025-12-04 21:21:40,322 - ERROR - non_existent.csv not found.
2025-12-04 21:21:41,687 - INFO - --- STARTING PART 1: Processing Defects ---
2025-12-04 21:21:41,687 - INFO - Loading DVSA lookup tables...
2025-12-04 21:21:41,719 - INFO - Loaded mapping for 4432 RfR codes
2025-12-04 21:21:41,719 - INFO - Categories found: ['Body, Structure and General Items', 'Body, chassis, structure', 'Brake performance', 'Brakes', 'Buses and coaches supplementary tests', "Driver's View of the Road", 'Driving Controls and Speed Limiters', 'Exhaust, Fuel and Emissions', 'Identification of the vehicle', 'Items Not Tested', 'Lamps, reflectors and electrical equipment', 'Lights', 'Motor tricycles and quadricycles', 'Noise, emissions and leaks', 'Non-component advisories', 'Registration Plates and VIN', 'Seat Belts and Supplementary Restraint Systems', 'Seat belt installation check', 'Seat belts and supplementary restraint systems', 'Speedometer and speed limiter', 'Steering', 'Suspension', 'Towbars', 'Tyres', 'Visibility', 'Wheels']
2025-12-04 21:21:41,721 - INFO - Found 12 monthly failure files. Processing...
2025-12-04 21:21:41,721 - INFO - Reading test_item_202401.csv...
2025-12-04 21:21:57,655 - INFO - Reading test_item_202403.csv...
2025-12-04 21:22:12,940 - INFO - Reading test_item_202402.csv...
2025-12-04 21:22:27,355 - INFO - Reading test_item_202412.csv...
2025-12-04 21:22:37,826 - INFO - Reading test_item_202406.csv...
2025-12-04 21:22:49,811 - INFO - Reading test_item_202407.csv...
2025-12-04 21:23:03,992 - INFO - Reading test_item_202405.csv...
2025-12-04 21:23:15,981 - INFO - Reading test_item_202411.csv...
2025-12-04 21:23:31,790 - INFO - Reading test_item_202410.csv...
2025-12-04 21:23:49,511 - INFO - Reading test_item_202404.csv...
2025-12-04 21:24:02,281 - INFO - Reading test_item_202409.csv...
2025-12-04 21:24:17,557 - INFO - Reading test_item_202408.csv...
2025-12-04 21:24:30,998 - INFO - Mapping stats: 28,381,029 matched, 317,325 unmatched
2025-12-04 21:24:30,999 - INFO - Match rate: 98.9%
2025-12-04 21:24:30,999 - INFO - Consolidating data...
2025-12-04 21:25:35,937 - INFO - SUCCESS: Saved 9,773,202 test records to 'defects_summary.csv'
2025-12-04 21:25:35,941 - INFO - Columns: ['Body, chassis, structure', 'Brakes', 'Buses and coaches supplementary tests', 'Identification of the vehicle', 'Lamps, reflectors and electrical equipment', 'Noise, emissions and leaks', 'Seat belt installation check', 'Seat belts and supplementary restraint systems', 'Speedometer and speed limiter', 'Steering', 'Suspension', 'Tyres', 'Visibility', 'Wheels', 'Items Not Tested']
