2025-12-04 18:50:37,561 - INFO - --- STARTING PART 2: Analyzing Risks ---
2025-12-04 18:50:37,561 - INFO - Loading defect summary...
2025-12-04 18:50:46,726 - INFO - Loaded 9,773,202 defect records with columns: ['Body, chassis, structure', 'Brakes', 'Buses and coaches supplementary tests', 'Identification of the vehicle', 'Lamps, reflectors and electrical equipment', 'Noise, emissions and leaks', 'Seat belt installation check', 'Seat belts and supplementary restraint systems', 'Speedometer and speed limiter', 'Steering', 'Suspension', 'Tyres', 'Visibility', 'Wheels', 'Items Not Tested']
2025-12-04 18:50:46,728 - INFO - Found 12 monthly files. Processing...
2025-12-04 18:50:46,728 - INFO - Reading test_result_202408.csv...
2025-12-04 18:51:58,286 - INFO - Reading test_result_202409.csv...
2025-12-04 18:53:30,130 - INFO - Reading test_result_202407.csv...
2025-12-04 18:54:50,422 - INFO - Reading test_result_202412.csv...
2025-12-04 18:55:49,178 - INFO - Reading test_result_202406.csv...
2025-12-04 18:56:51,087 - INFO - Reading test_result_202410.csv...
2025-12-04 18:58:18,008 - INFO - Reading test_result_202404.csv...
2025-12-04 18:59:18,835 - INFO - Reading test_result_202405.csv...
2025-12-04 19:00:26,184 - INFO - Reading test_result_202411.csv...
2025-12-04 19:01:31,162 - INFO - Reading test_result_202401.csv...
2025-12-04 19:02:34,190 - INFO - Reading test_result_202402.csv...
2025-12-04 19:03:47,599 - INFO - Reading test_result_202403.csv...
2025-12-04 19:05:13,255 - INFO - Join stats: 12,355,443 matched, 45,928,907 unmatched
2025-12-04 19:05:13,260 - INFO - Calculating final risks...
2025-12-04 19:05:19,025 - INFO - Global Failure Rate: 0.2151
2025-12-04 19:05:36,978 - INFO - DONE! Report saved to: FINAL_MOT_REPORT.csv
2025-12-04 20:32:19,649 - INFO - Loading DVSA lookup tables...
2025-12-04 20:32:19,660 - INFO - Loaded mapping for 2 RfR codes
2025-12-04 20:32:19,660 - INFO - Categories found: ['Brakes', 'Wheels']
2025-12-04 20:32:19,661 - INFO - Loading DVSA lookup tables...
2025-12-04 20:32:19,661 - ERROR - non_existent.csv not found.
2025-12-04 20:36:08,844 - INFO - --- STARTING PART 2: Analyzing Risks ---
2025-12-04 20:36:08,845 - INFO - Loading defect summary...
2025-12-04 20:36:19,054 - INFO - Loaded 9,773,202 defect records with columns: ['Body, chassis, structure', 'Brakes', 'Buses and coaches supplementary tests', 'Identification of the vehicle', 'Lamps, reflectors and electrical equipment', 'Noise, emissions and leaks', 'Seat belt installation check', 'Seat belts and supplementary restraint systems', 'Speedometer and speed limiter', 'Steering', 'Suspension', 'Tyres', 'Visibility', 'Wheels', 'Items Not Tested']
2025-12-04 20:36:19,058 - INFO - Found 12 monthly files. Processing...
2025-12-04 20:36:19,058 - INFO - Reading test_result_202408.csv...
2025-12-04 20:37:30,664 - INFO - Reading test_result_202409.csv...
2025-12-04 20:38:56,098 - INFO - Reading test_result_202407.csv...
2025-12-04 20:40:17,129 - INFO - Reading test_result_202412.csv...
2025-12-04 20:41:20,446 - INFO - Reading test_result_202406.csv...
2025-12-04 20:42:33,148 - INFO - Reading test_result_202410.csv...
2025-12-04 20:44:12,528 - INFO - Reading test_result_202404.csv...
2025-12-04 20:45:40,662 - INFO - Reading test_result_202405.csv...
2025-12-04 20:47:07,125 - INFO - Reading test_result_202411.csv...
2025-12-04 20:48:12,515 - INFO - Reading test_result_202401.csv...
2025-12-04 20:49:28,530 - INFO - Reading test_result_202402.csv...
2025-12-04 20:50:53,170 - INFO - Reading test_result_202403.csv...
2025-12-04 20:52:33,470 - INFO - Join stats: 12,355,443 matched, 45,928,907 unmatched
2025-12-04 20:52:33,471 - INFO - Calculating final risks...
2025-12-04 20:52:41,907 - INFO - Global Failure Rate: 0.2151
2025-12-04 20:53:02,266 - INFO - DONE! Report saved to: FINAL_MOT_REPORT.csv
2025-12-04 21:25:37,448 - INFO - --- STARTING PART 2: Analyzing Risks ---
2025-12-04 21:25:37,449 - INFO - Loading defect summary...
2025-12-04 21:25:52,339 - INFO - Loaded 9,773,202 defect records with columns: ['Body, chassis, structure', 'Brakes', 'Buses and coaches supplementary tests', 'Identification of the vehicle', 'Lamps, reflectors and electrical equipment', 'Noise, emissions and leaks', 'Seat belt installation check', 'Seat belts and supplementary restraint systems', 'Speedometer and speed limiter', 'Steering', 'Suspension', 'Tyres', 'Visibility', 'Wheels', 'Items Not Tested']
2025-12-04 21:25:52,421 - INFO - Found 12 monthly files. Processing...
2025-12-04 21:25:52,422 - INFO - Reading test_result_202408.csv...
2025-12-04 21:27:32,142 - INFO - Reading test_result_202409.csv...
2025-12-04 21:28:56,207 - INFO - Reading test_result_202407.csv...
2025-12-04 21:30:16,911 - INFO - Reading test_result_202412.csv...
2025-12-04 21:31:18,302 - INFO - Reading test_result_202406.csv...
2025-12-04 21:32:29,451 - INFO - Reading test_result_202410.csv...
2025-12-04 21:34:18,968 - INFO - Reading test_result_202404.csv...
2025-12-04 21:35:29,961 - INFO - Reading test_result_202405.csv...
2025-12-04 21:36:48,490 - INFO - Reading test_result_202411.csv...
2025-12-04 21:38:01,792 - INFO - Reading test_result_202401.csv...
2025-12-04 21:39:18,109 - INFO - Reading test_result_202402.csv...
2025-12-04 21:40:45,447 - INFO - Reading test_result_202403.csv...
2025-12-04 21:42:30,627 - INFO - Join stats: 12,355,443 matched, 45,928,907 unmatched
2025-12-04 21:42:30,628 - INFO - Calculating final risks...
2025-12-04 21:42:37,577 - INFO - Global Failure Rate: 0.2151
2025-12-04 21:42:56,881 - INFO - DONE! Report saved to: FINAL_MOT_REPORT.csv
